2020-02-06 10:44:30 +0000  Initial pipeline context: <IDEDistributionProcessingPipelineContext: 0x7f801ac8d5a0; archive(resolved)='<IDEArchive: 0x7f8019c28150>', distributionTask(resolved)='2', distributionDestination(resolved)='1', distributionMethod(resolved)='<IDEDistributionMethodDeveloperID: 0x7f80194ea930>', team(resolved)='<IDEProvisioningDisambiguatableBasicTeam: 0x7f80190b5480; teamID='6KD26L2C7U', teamName='EasySolutions GmbH', teamType='Company', username='mathias.aichinger@easysol.at', isFreeProvisioningTeam='0'>'>
	Chain (11, self inclusive):
	<IDEDistributionProcessingPipelineContext: 0x7f801ac8d5a0; archive = '<IDEArchive: 0x7f8019c28150>', distributionMethod='<IDEDistributionMethodDeveloperID: 0x7f80194ea930>', team='<IDEProvisioningDisambiguatableBasicTeam: 0x7f80190b5480; teamID='6KD26L2C7U', teamName='EasySolutions GmbH', teamType='Company', username='mathias.aichinger@easysol.at', isFreeProvisioningTeam='0'>'>
	<IDEDistributionProcessingPipelineContext: 0x7f801b1ee9f0; archive = '<IDEArchive: 0x7f8019c28150>', distributionMethod='<IDEDistributionMethodDeveloperID: 0x7f80194ea930>', team='<IDEProvisioningDisambiguatableBasicTeam: 0x7f80190b5480; teamID='6KD26L2C7U', teamName='EasySolutions GmbH', teamType='Company', username='mathias.aichinger@easysol.at', isFreeProvisioningTeam='0'>'>
	<IDEDistributionContext: 0x7f801ac915e0; archive = '<IDEArchive: 0x7f8019c28150>', distributionMethod='<IDEDistributionMethodDeveloperID: 0x7f80194ea930>', team='<IDEProvisioningDisambiguatableBasicTeam: 0x7f80190b5480; teamID='6KD26L2C7U', teamName='EasySolutions GmbH', teamType='Company', username='mathias.aichinger@easysol.at', isFreeProvisioningTeam='0'>'>
	<IDEDistributionContext: 0x7f801a960fe0; archive = '<IDEArchive: 0x7f8019c28150>', distributionMethod='<IDEDistributionMethodDeveloperID: 0x7f80194ea930>', team='<IDEProvisioningDisambiguatableBasicTeam: 0x7f80190b5480; teamID='6KD26L2C7U', teamName='EasySolutions GmbH', teamType='Company', username='mathias.aichinger@easysol.at', isFreeProvisioningTeam='0'>'>
	<IDEDistributionContext: 0x7f7ffe94f110; archive = '<IDEArchive: 0x7f8019c28150>', distributionMethod='<IDEDistributionMethodDeveloperID: 0x7f80194ea930>', team='<IDEProvisioningDisambiguatableBasicTeam: 0x7f80190b5480; teamID='6KD26L2C7U', teamName='EasySolutions GmbH', teamType='Company', username='mathias.aichinger@easysol.at', isFreeProvisioningTeam='0'>'>
	<IDEDistributionContext: 0x7f8017a91380; archive = '<IDEArchive: 0x7f8019c28150>', distributionMethod='<IDEDistributionMethodDeveloperID: 0x7f80194ea930>', team='<IDEProvisioningDisambiguatableBasicTeam: 0x7f80190b5480; teamID='6KD26L2C7U', teamName='EasySolutions GmbH', teamType='Company', username='mathias.aichinger@easysol.at', isFreeProvisioningTeam='0'>'>
	<IDEDistributionContext: 0x7f801b7894a0; archive = '<IDEArchive: 0x7f8019c28150>', distributionMethod='<IDEDistributionMethodDeveloperID: 0x7f80194ea930>', team='<IDEProvisioningDisambiguatableBasicTeam: 0x7f80190b5480; teamID='6KD26L2C7U', teamName='EasySolutions GmbH', teamType='Company', username='mathias.aichinger@easysol.at', isFreeProvisioningTeam='0'>'>
	<IDEDistributionContext: 0x7f801b39e500; archive = '<IDEArchive: 0x7f8019c28150>', distributionMethod='<IDEDistributionMethodDeveloperID: 0x7f80194ea930>', team='<IDEProvisioningDisambiguatableBasicTeam: 0x7f80190b5480; teamID='6KD26L2C7U', teamName='EasySolutions GmbH', teamType='Company', username='mathias.aichinger@easysol.at', isFreeProvisioningTeam='0'>'>
	<IDEDistributionContext: 0x7f8019f6e930; archive = '<IDEArchive: 0x7f8019c28150>', distributionMethod='<IDEDistributionMethodDeveloperID: 0x7f80194ea930>', team='(null)'>
	<IDEDistributionContext: 0x7f801b691910; archive = '<IDEArchive: 0x7f8019c28150>', distributionMethod='<IDEDistributionMethodDeveloperID: 0x7f80194ea930>', team='(null)'>
	<IDEDistributionContext: 0x7f7ffe957750; archive = '<IDEArchive: 0x7f8019c28150>', distributionMethod='(null)', team='(null)'>
</IDEDistributionProcessingPipelineContext: 0x7f801ac8d5a0>
2020-02-06 10:44:30 +0000  Processing step: IDEDistributionCreateDestRootStep
2020-02-06 10:44:30 +0000  Processing step: IDEDistributionCopyItemStep
2020-02-06 10:44:30 +0000  Running /usr/bin/ditto '-V' '/Users/matchi/Library/Developer/Xcode/Archives/2020-02-06/networktools 06.02.20, 11.42.xcarchive/Products/Applications/networktools.app' '/var/folders/0q/pxl8tpf166d3bqj8sqz2f2h80000gn/T/XcodeDistPipeline.~~~PfQvTq/Root/Applications/networktools.app'
2020-02-06 10:44:30 +0000  >>> Copying /Users/matchi/Library/Developer/Xcode/Archives/2020-02-06/networktools 06.02.20, 11.42.xcarchive/Products/Applications/networktools.app 
2020-02-06 10:44:30 +0000  copying file ./Contents/_CodeSignature/CodeResources ... 
2020-02-06 10:44:30 +0000  6522 bytes for ./Contents/_CodeSignature/CodeResources
2020-02-06 10:44:30 +0000  copying file ./Contents/MacOS/networktools ... 
2020-02-06 10:44:30 +0000  61648 bytes for ./Contents/MacOS/networktools
2020-02-06 10:44:30 +0000  copying file ./Contents/Resources/AppIcon.icns ... 
2020-02-06 10:44:30 +0000  68671 bytes for ./Contents/Resources/AppIcon.icns
2020-02-06 10:44:30 +0000  copying file ./Contents/Resources/Base.lproj/Main.storyboardc/MainMenu.nib ... 
2020-02-06 10:44:30 +0000  38917 bytes for ./Contents/Resources/Base.lproj/Main.storyboardc/MainMenu.nib
2020-02-06 10:44:30 +0000  copying file ./Contents/Resources/Base.lproj/Main.storyboardc/Info.plist ... 
2020-02-06 10:44:30 +0000  163 bytes for ./Contents/Resources/Base.lproj/Main.storyboardc/Info.plist
2020-02-06 10:44:30 +0000  copying file ./Contents/Resources/Assets.car ... 
2020-02-06 10:44:30 +0000  725704 bytes for ./Contents/Resources/Assets.car
2020-02-06 10:44:30 +0000  copying file ./Contents/Frameworks/libswiftObjectiveC.dylib ... 
2020-02-06 10:44:30 +0000  62272 bytes for ./Contents/Frameworks/libswiftObjectiveC.dylib
2020-02-06 10:44:30 +0000  copying file ./Contents/Frameworks/libswiftCore.dylib ... 
2020-02-06 10:44:30 +0000  6456320 bytes for ./Contents/Frameworks/libswiftCore.dylib
copying file ./Contents/Frameworks/libswiftCoreGraphics.dylib ... 
2020-02-06 10:44:30 +0000  190560 bytes for ./Contents/Frameworks/libswiftCoreGraphics.dylib
copying file ./Contents/Frameworks/libswiftDispatch.dylib ... 
328288 bytes for ./Contents/Frameworks/libswiftDispatch.dylib
copying file ./Contents/Frameworks/libswiftCoreFoundation.dylib ... 
2020-02-06 10:44:30 +0000  42144 bytes for ./Contents/Frameworks/libswiftCoreFoundation.dylib
copying file ./Contents/Frameworks/libswiftDarwin.dylib ... 
2020-02-06 10:44:30 +0000  99104 bytes for ./Contents/Frameworks/libswiftDarwin.dylib
2020-02-06 10:44:30 +0000  copying file ./Contents/Frameworks/libswiftIOKit.dylib ... 
2020-02-06 10:44:30 +0000  45664 bytes for ./Contents/Frameworks/libswiftIOKit.dylib
copying file ./Contents/Frameworks/libswiftFoundation.dylib ... 
2020-02-06 10:44:30 +0000  3163408 bytes for ./Contents/Frameworks/libswiftFoundation.dylib
2020-02-06 10:44:30 +0000  copying file ./Contents/Info.plist ... 
1804 bytes for ./Contents/Info.plist
copying file ./Contents/PkgInfo ... 
2020-02-06 10:44:30 +0000  8 bytes for ./Contents/PkgInfo
2020-02-06 10:44:30 +0000  /usr/bin/ditto exited with 0
2020-02-06 10:44:30 +0000  Processing step: IDEDistributionEmbedProfileStep
2020-02-06 10:44:30 +0000  Skipping profile for item: <IDEDistributionItem: 0x7f801acb9160; bundleID='com.apple.dt.runtime.swiftCore', path='<DVTFilePath:0x7f801b797c70:'/Users/matchi/Library/Developer/Xcode/Archives/2020-02-06/networktools 06.02.20, 11.42.xcarchive/Products/Applications/networktools.app/Contents/Frameworks/libswiftCore.dylib'>', codeSigningInfo='<_DVTCodeSigningInformation_Path: 0x7f801c939d80; isSigned='1', isAdHocSigned='0', signingCertificate='<DVTSigningCertificate: 0x7f7ffdeb1e40; name='Apple Development: Mathias Aichinger (FCYYKRLFP2)', hash='0A719F88F5F6192D34301F516D316ABC20C364B5', serialNumber='4E63A416E37383E5', certificateKinds='(
    "1.2.840.113635.100.6.1.12",
    "1.2.840.113635.100.6.1.2"
), issueDate='2020-02-06 10:32:32 +0000''>', entitlements='(null)', teamID='6KD26L2C7U', identifier='com.apple.dt.runtime.swiftCore', executablePath='<DVTFilePath:0x7f801b797c70:'/Users/matchi/Library/Developer/Xcode/Archives/2020-02-06/networktools 06.02.20, 11.42.xcarchive/Products/Applications/networktools.app/Contents/Frameworks/libswiftCore.dylib'>', hardenedRuntime='0'>'>
2020-02-06 10:44:30 +0000  Skipping profile for item: <IDEDistributionItem: 0x7f8019c269f0; bundleID='com.apple.dt.runtime.swiftCoreFoundation', path='<DVTFilePath:0x7f7ffe865560:'/Users/matchi/Library/Developer/Xcode/Archives/2020-02-06/networktools 06.02.20, 11.42.xcarchive/Products/Applications/networktools.app/Contents/Frameworks/libswiftCoreFoundation.dylib'>', codeSigningInfo='<_DVTCodeSigningInformation_Path: 0x7f7ffea16dc0; isSigned='1', isAdHocSigned='0', signingCertificate='<DVTSigningCertificate: 0x7f801acbc530; name='Apple Development: Mathias Aichinger (FCYYKRLFP2)', hash='0A719F88F5F6192D34301F516D316ABC20C364B5', serialNumber='4E63A416E37383E5', certificateKinds='(
    "1.2.840.113635.100.6.1.12",
    "1.2.840.113635.100.6.1.2"
), issueDate='2020-02-06 10:32:32 +0000''>', entitlements='(null)', teamID='6KD26L2C7U', identifier='com.apple.dt.runtime.swiftCoreFoundation', executablePath='<DVTFilePath:0x7f7ffe865560:'/Users/matchi/Library/Developer/Xcode/Archives/2020-02-06/networktools 06.02.20, 11.42.xcarchive/Products/Applications/networktools.app/Contents/Frameworks/libswiftCoreFoundation.dylib'>', hardenedRuntime='0'>'>
2020-02-06 10:44:30 +0000  Skipping profile for item: <IDEDistributionItem: 0x7f801b7828c0; bundleID='com.apple.dt.runtime.swiftCoreGraphics', path='<DVTFilePath:0x7f7ffde64990:'/Users/matchi/Library/Developer/Xcode/Archives/2020-02-06/networktools 06.02.20, 11.42.xcarchive/Products/Applications/networktools.app/Contents/Frameworks/libswiftCoreGraphics.dylib'>', codeSigningInfo='<_DVTCodeSigningInformation_Path: 0x7f801ac274f0; isSigned='1', isAdHocSigned='0', signingCertificate='<DVTSigningCertificate: 0x7f801acbc530; name='Apple Development: Mathias Aichinger (FCYYKRLFP2)', hash='0A719F88F5F6192D34301F516D316ABC20C364B5', serialNumber='4E63A416E37383E5', certificateKinds='(
    "1.2.840.113635.100.6.1.12",
    "1.2.840.113635.100.6.1.2"
), issueDate='2020-02-06 10:32:32 +0000''>', entitlements='(null)', teamID='6KD26L2C7U', identifier='com.apple.dt.runtime.swiftCoreGraphics', executablePath='<DVTFilePath:0x7f7ffde64990:'/Users/matchi/Library/Developer/Xcode/Archives/2020-02-06/networktools 06.02.20, 11.42.xcarchive/Products/Applications/networktools.app/Contents/Frameworks/libswiftCoreGraphics.dylib'>', hardenedRuntime='0'>'>
2020-02-06 10:44:30 +0000  Skipping profile for item: <IDEDistributionItem: 0x7f801b5e7cd0; bundleID='com.apple.dt.runtime.swiftDarwin', path='<DVTFilePath:0x7f7ffe8cea50:'/Users/matchi/Library/Developer/Xcode/Archives/2020-02-06/networktools 06.02.20, 11.42.xcarchive/Products/Applications/networktools.app/Contents/Frameworks/libswiftDarwin.dylib'>', codeSigningInfo='<_DVTCodeSigningInformation_Path: 0x7f8019ec4bf0; isSigned='1', isAdHocSigned='0', signingCertificate='<DVTSigningCertificate: 0x7f801acbc530; name='Apple Development: Mathias Aichinger (FCYYKRLFP2)', hash='0A719F88F5F6192D34301F516D316ABC20C364B5', serialNumber='4E63A416E37383E5', certificateKinds='(
    "1.2.840.113635.100.6.1.12",
    "1.2.840.113635.100.6.1.2"
), issueDate='2020-02-06 10:32:32 +0000''>', entitlements='(null)', teamID='6KD26L2C7U', identifier='com.apple.dt.runtime.swiftDarwin', executablePath='<DVTFilePath:0x7f7ffe8cea50:'/Users/matchi/Library/Developer/Xcode/Archives/2020-02-06/networktools 06.02.20, 11.42.xcarchive/Products/Applications/networktools.app/Contents/Frameworks/libswiftDarwin.dylib'>', hardenedRuntime='0'>'>
2020-02-06 10:44:30 +0000  Skipping profile for item: <IDEDistributionItem: 0x7f801acbcc10; bundleID='com.apple.dt.runtime.swiftDispatch', path='<DVTFilePath:0x7f8018f26e80:'/Users/matchi/Library/Developer/Xcode/Archives/2020-02-06/networktools 06.02.20, 11.42.xcarchive/Products/Applications/networktools.app/Contents/Frameworks/libswiftDispatch.dylib'>', codeSigningInfo='<_DVTCodeSigningInformation_Path: 0x7f80176b8770; isSigned='1', isAdHocSigned='0', signingCertificate='<DVTSigningCertificate: 0x7f801c89d3e0; name='Apple Development: Mathias Aichinger (FCYYKRLFP2)', hash='0A719F88F5F6192D34301F516D316ABC20C364B5', serialNumber='4E63A416E37383E5', certificateKinds='(
    "1.2.840.113635.100.6.1.12",
    "1.2.840.113635.100.6.1.2"
), issueDate='2020-02-06 10:32:32 +0000''>', entitlements='(null)', teamID='6KD26L2C7U', identifier='com.apple.dt.runtime.swiftDispatch', executablePath='<DVTFilePath:0x7f8018f26e80:'/Users/matchi/Library/Developer/Xcode/Archives/2020-02-06/networktools 06.02.20, 11.42.xcarchive/Products/Applications/networktools.app/Contents/Frameworks/libswiftDispatch.dylib'>', hardenedRuntime='0'>'>
2020-02-06 10:44:30 +0000  Skipping profile for item: <IDEDistributionItem: 0x7f7ffea5db80; bundleID='com.apple.dt.runtime.swiftFoundation', path='<DVTFilePath:0x7f801b16bff0:'/Users/matchi/Library/Developer/Xcode/Archives/2020-02-06/networktools 06.02.20, 11.42.xcarchive/Products/Applications/networktools.app/Contents/Frameworks/libswiftFoundation.dylib'>', codeSigningInfo='<_DVTCodeSigningInformation_Path: 0x7f7ffea19020; isSigned='1', isAdHocSigned='0', signingCertificate='<DVTSigningCertificate: 0x7f801acbc530; name='Apple Development: Mathias Aichinger (FCYYKRLFP2)', hash='0A719F88F5F6192D34301F516D316ABC20C364B5', serialNumber='4E63A416E37383E5', certificateKinds='(
    "1.2.840.113635.100.6.1.12",
    "1.2.840.113635.100.6.1.2"
), issueDate='2020-02-06 10:32:32 +0000''>', entitlements='(null)', teamID='6KD26L2C7U', identifier='com.apple.dt.runtime.swiftFoundation', executablePath='<DVTFilePath:0x7f801b16bff0:'/Users/matchi/Library/Developer/Xcode/Archives/2020-02-06/networktools 06.02.20, 11.42.xcarchive/Products/Applications/networktools.app/Contents/Frameworks/libswiftFoundation.dylib'>', hardenedRuntime='0'>'>
2020-02-06 10:44:30 +0000  Skipping profile for item: <IDEDistributionItem: 0x7f7ffe877c10; bundleID='com.apple.dt.runtime.swiftIOKit', path='<DVTFilePath:0x7f7ffe83ca30:'/Users/matchi/Library/Developer/Xcode/Archives/2020-02-06/networktools 06.02.20, 11.42.xcarchive/Products/Applications/networktools.app/Contents/Frameworks/libswiftIOKit.dylib'>', codeSigningInfo='<_DVTCodeSigningInformation_Path: 0x7f7ffe81d030; isSigned='1', isAdHocSigned='0', signingCertificate='<DVTSigningCertificate: 0x7f801c89d3e0; name='Apple Development: Mathias Aichinger (FCYYKRLFP2)', hash='0A719F88F5F6192D34301F516D316ABC20C364B5', serialNumber='4E63A416E37383E5', certificateKinds='(
    "1.2.840.113635.100.6.1.12",
    "1.2.840.113635.100.6.1.2"
), issueDate='2020-02-06 10:32:32 +0000''>', entitlements='(null)', teamID='6KD26L2C7U', identifier='com.apple.dt.runtime.swiftIOKit', executablePath='<DVTFilePath:0x7f7ffe83ca30:'/Users/matchi/Library/Developer/Xcode/Archives/2020-02-06/networktools 06.02.20, 11.42.xcarchive/Products/Applications/networktools.app/Contents/Frameworks/libswiftIOKit.dylib'>', hardenedRuntime='0'>'>
2020-02-06 10:44:30 +0000  Skipping profile for item: <IDEDistributionItem: 0x7f8019c40510; bundleID='com.apple.dt.runtime.swiftObjectiveC', path='<DVTFilePath:0x7f7ffe94aa90:'/Users/matchi/Library/Developer/Xcode/Archives/2020-02-06/networktools 06.02.20, 11.42.xcarchive/Products/Applications/networktools.app/Contents/Frameworks/libswiftObjectiveC.dylib'>', codeSigningInfo='<_DVTCodeSigningInformation_Path: 0x7f801c8c5090; isSigned='1', isAdHocSigned='0', signingCertificate='<DVTSigningCertificate: 0x7f801c9275f0; name='Apple Development: Mathias Aichinger (FCYYKRLFP2)', hash='0A719F88F5F6192D34301F516D316ABC20C364B5', serialNumber='4E63A416E37383E5', certificateKinds='(
    "1.2.840.113635.100.6.1.12",
    "1.2.840.113635.100.6.1.2"
), issueDate='2020-02-06 10:32:32 +0000''>', entitlements='(null)', teamID='6KD26L2C7U', identifier='com.apple.dt.runtime.swiftObjectiveC', executablePath='<DVTFilePath:0x7f7ffe94aa90:'/Users/matchi/Library/Developer/Xcode/Archives/2020-02-06/networktools 06.02.20, 11.42.xcarchive/Products/Applications/networktools.app/Contents/Frameworks/libswiftObjectiveC.dylib'>', hardenedRuntime='0'>'>
2020-02-06 10:44:30 +0000  Skipping profile for item: <IDEDistributionItem: 0x7f801c8a7610; bundleID='at.easysol.networktools', path='<DVTFilePath:0x7f801a935780:'/Users/matchi/Library/Developer/Xcode/Archives/2020-02-06/networktools 06.02.20, 11.42.xcarchive/Products/Applications/networktools.app'>', codeSigningInfo='<_DVTCodeSigningInformation_Path: 0x7f801b593470; isSigned='1', isAdHocSigned='0', signingCertificate='<DVTSigningCertificate: 0x7f7fff4ab370; name='Apple Development: Mathias Aichinger (FCYYKRLFP2)', hash='0A719F88F5F6192D34301F516D316ABC20C364B5', serialNumber='4E63A416E37383E5', certificateKinds='(
    "1.2.840.113635.100.6.1.12",
    "1.2.840.113635.100.6.1.2"
), issueDate='2020-02-06 10:32:32 +0000''>', entitlements='{
    "com.apple.security.app-sandbox" = 1;
    "com.apple.security.files.user-selected.read-only" = 1;
}', teamID='6KD26L2C7U', identifier='at.easysol.networktools', executablePath='<DVTFilePath:0x7f801c903080:'/Users/matchi/Library/Developer/Xcode/Archives/2020-02-06/networktools 06.02.20, 11.42.xcarchive/Products/Applications/networktools.app/Contents/MacOS/networktools'>', hardenedRuntime='1'>'>
2020-02-06 10:44:30 +0000  Processing step: IDEDistributionAppThinningPlistStep
2020-02-06 10:44:30 +0000  Processing step: IDEDistributionCompileBitcodeStep
2020-02-06 10:44:30 +0000  Skipping step: IDEDistributionCompileBitcodeStep because it said so
2020-02-06 10:44:30 +0000  Processing step: IDEDistributionCodeSlimmingStep
2020-02-06 10:44:30 +0000  Processing step: IDEDistributionCopyBCSymbolMapsStep
2020-02-06 10:44:30 +0000  Skipping step: IDEDistributionCopyBCSymbolMapsStep because it said so
2020-02-06 10:44:30 +0000  Skipping step: IDEDistributionCopyBCSymbolMapsStep because it said so
2020-02-06 10:44:30 +0000  Skipping step: IDEDistributionCopyBCSymbolMapsStep because it said so
2020-02-06 10:44:30 +0000  Skipping step: IDEDistributionCopyBCSymbolMapsStep because it said so
2020-02-06 10:44:30 +0000  Skipping step: IDEDistributionCopyBCSymbolMapsStep because it said so
2020-02-06 10:44:30 +0000  Skipping step: IDEDistributionCopyBCSymbolMapsStep because it said so
2020-02-06 10:44:30 +0000  Skipping step: IDEDistributionCopyBCSymbolMapsStep because it said so
2020-02-06 10:44:30 +0000  Skipping step: IDEDistributionCopyBCSymbolMapsStep because it said so
2020-02-06 10:44:30 +0000  Skipping step: IDEDistributionCopyBCSymbolMapsStep because it said so
2020-02-06 10:44:30 +0000  Processing step: IDEDistributionSymbolsStep
2020-02-06 10:44:30 +0000  Skipping step: IDEDistributionSymbolsStep because it said so
2020-02-06 10:44:30 +0000  Skipping step: IDEDistributionSymbolsStep because it said so
2020-02-06 10:44:30 +0000  Skipping step: IDEDistributionSymbolsStep because it said so
2020-02-06 10:44:30 +0000  Skipping step: IDEDistributionSymbolsStep because it said so
2020-02-06 10:44:30 +0000  Skipping step: IDEDistributionSymbolsStep because it said so
2020-02-06 10:44:30 +0000  Skipping step: IDEDistributionSymbolsStep because it said so
2020-02-06 10:44:30 +0000  Skipping step: IDEDistributionSymbolsStep because it said so
2020-02-06 10:44:30 +0000  Skipping step: IDEDistributionSymbolsStep because it said so
2020-02-06 10:44:30 +0000  Skipping step: IDEDistributionSymbolsStep because it said so
2020-02-06 10:44:30 +0000  Processing step: IDEDistributionAppThinningStep
2020-02-06 10:44:30 +0000  Skipping step: IDEDistributionAppThinningStep because it said so
2020-02-06 10:44:30 +0000  Processing step: IDEDistributionArchThinningStep
2020-02-06 10:44:30 +0000  Running /Applications/Xcode.app/Contents/Developer/Toolchains/XcodeDefault.xctoolchain/usr/bin/lipo '/var/folders/0q/pxl8tpf166d3bqj8sqz2f2h80000gn/T/XcodeDistPipeline.~~~PfQvTq/Root/Applications/networktools.app/Contents/Frameworks/libswiftCore.dylib' '-verify_arch' 'arm64e'
2020-02-06 10:44:30 +0000  /Applications/Xcode.app/Contents/Developer/Toolchains/XcodeDefault.xctoolchain/usr/bin/lipo exited with 1
2020-02-06 10:44:30 +0000  Skipping architecture thinning for item "libswiftCore.dylib" because arch "arm64e" wasn't found
2020-02-06 10:44:30 +0000  Running /Applications/Xcode.app/Contents/Developer/Toolchains/XcodeDefault.xctoolchain/usr/bin/lipo '/var/folders/0q/pxl8tpf166d3bqj8sqz2f2h80000gn/T/XcodeDistPipeline.~~~PfQvTq/Root/Applications/networktools.app/Contents/Frameworks/libswiftCoreFoundation.dylib' '-verify_arch' 'arm64e'
2020-02-06 10:44:30 +0000  /Applications/Xcode.app/Contents/Developer/Toolchains/XcodeDefault.xctoolchain/usr/bin/lipo exited with 1
2020-02-06 10:44:30 +0000  Skipping architecture thinning for item "libswiftCoreFoundation.dylib" because arch "arm64e" wasn't found
2020-02-06 10:44:30 +0000  Running /Applications/Xcode.app/Contents/Developer/Toolchains/XcodeDefault.xctoolchain/usr/bin/lipo '/var/folders/0q/pxl8tpf166d3bqj8sqz2f2h80000gn/T/XcodeDistPipeline.~~~PfQvTq/Root/Applications/networktools.app/Contents/Frameworks/libswiftCoreGraphics.dylib' '-verify_arch' 'arm64e'
2020-02-06 10:44:30 +0000  /Applications/Xcode.app/Contents/Developer/Toolchains/XcodeDefault.xctoolchain/usr/bin/lipo exited with 1
2020-02-06 10:44:30 +0000  Skipping architecture thinning for item "libswiftCoreGraphics.dylib" because arch "arm64e" wasn't found
2020-02-06 10:44:30 +0000  Running /Applications/Xcode.app/Contents/Developer/Toolchains/XcodeDefault.xctoolchain/usr/bin/lipo '/var/folders/0q/pxl8tpf166d3bqj8sqz2f2h80000gn/T/XcodeDistPipeline.~~~PfQvTq/Root/Applications/networktools.app/Contents/Frameworks/libswiftDarwin.dylib' '-verify_arch' 'arm64e'
2020-02-06 10:44:30 +0000  /Applications/Xcode.app/Contents/Developer/Toolchains/XcodeDefault.xctoolchain/usr/bin/lipo exited with 1
2020-02-06 10:44:30 +0000  Skipping architecture thinning for item "libswiftDarwin.dylib" because arch "arm64e" wasn't found
2020-02-06 10:44:30 +0000  Running /Applications/Xcode.app/Contents/Developer/Toolchains/XcodeDefault.xctoolchain/usr/bin/lipo '/var/folders/0q/pxl8tpf166d3bqj8sqz2f2h80000gn/T/XcodeDistPipeline.~~~PfQvTq/Root/Applications/networktools.app/Contents/Frameworks/libswiftDispatch.dylib' '-verify_arch' 'arm64e'
2020-02-06 10:44:30 +0000  /Applications/Xcode.app/Contents/Developer/Toolchains/XcodeDefault.xctoolchain/usr/bin/lipo exited with 1
2020-02-06 10:44:30 +0000  Skipping architecture thinning for item "libswiftDispatch.dylib" because arch "arm64e" wasn't found
2020-02-06 10:44:30 +0000  Running /Applications/Xcode.app/Contents/Developer/Toolchains/XcodeDefault.xctoolchain/usr/bin/lipo '/var/folders/0q/pxl8tpf166d3bqj8sqz2f2h80000gn/T/XcodeDistPipeline.~~~PfQvTq/Root/Applications/networktools.app/Contents/Frameworks/libswiftFoundation.dylib' '-verify_arch' 'arm64e'
2020-02-06 10:44:30 +0000  /Applications/Xcode.app/Contents/Developer/Toolchains/XcodeDefault.xctoolchain/usr/bin/lipo exited with 1
2020-02-06 10:44:30 +0000  Skipping architecture thinning for item "libswiftFoundation.dylib" because arch "arm64e" wasn't found
2020-02-06 10:44:30 +0000  Running /Applications/Xcode.app/Contents/Developer/Toolchains/XcodeDefault.xctoolchain/usr/bin/lipo '/var/folders/0q/pxl8tpf166d3bqj8sqz2f2h80000gn/T/XcodeDistPipeline.~~~PfQvTq/Root/Applications/networktools.app/Contents/Frameworks/libswiftIOKit.dylib' '-verify_arch' 'arm64e'
2020-02-06 10:44:30 +0000  /Applications/Xcode.app/Contents/Developer/Toolchains/XcodeDefault.xctoolchain/usr/bin/lipo exited with 1
2020-02-06 10:44:30 +0000  Skipping architecture thinning for item "libswiftIOKit.dylib" because arch "arm64e" wasn't found
2020-02-06 10:44:30 +0000  Running /Applications/Xcode.app/Contents/Developer/Toolchains/XcodeDefault.xctoolchain/usr/bin/lipo '/var/folders/0q/pxl8tpf166d3bqj8sqz2f2h80000gn/T/XcodeDistPipeline.~~~PfQvTq/Root/Applications/networktools.app/Contents/Frameworks/libswiftObjectiveC.dylib' '-verify_arch' 'arm64e'
2020-02-06 10:44:30 +0000  /Applications/Xcode.app/Contents/Developer/Toolchains/XcodeDefault.xctoolchain/usr/bin/lipo exited with 1
2020-02-06 10:44:30 +0000  Skipping architecture thinning for item "libswiftObjectiveC.dylib" because arch "arm64e" wasn't found
2020-02-06 10:44:30 +0000  Running /Applications/Xcode.app/Contents/Developer/Toolchains/XcodeDefault.xctoolchain/usr/bin/lipo '/var/folders/0q/pxl8tpf166d3bqj8sqz2f2h80000gn/T/XcodeDistPipeline.~~~PfQvTq/Root/Applications/networktools.app/Contents/MacOS/networktools' '-verify_arch' 'arm64e'
2020-02-06 10:44:30 +0000  /Applications/Xcode.app/Contents/Developer/Toolchains/XcodeDefault.xctoolchain/usr/bin/lipo exited with 1
2020-02-06 10:44:30 +0000  Skipping architecture thinning for item "networktools" because arch "arm64e" wasn't found
2020-02-06 10:44:30 +0000  Processing step: IDEDistributionODRStep
2020-02-06 10:44:30 +0000  Processing step: IDEDistributionStripXattrsStep
2020-02-06 10:44:30 +0000  Skipping stripping extended attributes of item: <IDEDistributionItem: 0x7f801acb9160; bundleID='com.apple.dt.runtime.swiftCore', path='<DVTFilePath:0x7f801b797c70:'/Users/matchi/Library/Developer/Xcode/Archives/2020-02-06/networktools 06.02.20, 11.42.xcarchive/Products/Applications/networktools.app/Contents/Frameworks/libswiftCore.dylib'>', codeSigningInfo='<_DVTCodeSigningInformation_Path: 0x7f801c939d80; isSigned='1', isAdHocSigned='0', signingCertificate='<DVTSigningCertificate: 0x7f8019f3a4e0; name='Apple Development: Mathias Aichinger (FCYYKRLFP2)', hash='0A719F88F5F6192D34301F516D316ABC20C364B5', serialNumber='4E63A416E37383E5', certificateKinds='(
    "1.2.840.113635.100.6.1.12",
    "1.2.840.113635.100.6.1.2"
), issueDate='2020-02-06 10:32:32 +0000''>', entitlements='(null)', teamID='6KD26L2C7U', identifier='com.apple.dt.runtime.swiftCore', executablePath='<DVTFilePath:0x7f801b797c70:'/Users/matchi/Library/Developer/Xcode/Archives/2020-02-06/networktools 06.02.20, 11.42.xcarchive/Products/Applications/networktools.app/Contents/Frameworks/libswiftCore.dylib'>', hardenedRuntime='0'>'>
2020-02-06 10:44:30 +0000  Skipping stripping extended attributes of item: <IDEDistributionItem: 0x7f8019c269f0; bundleID='com.apple.dt.runtime.swiftCoreFoundation', path='<DVTFilePath:0x7f7ffe865560:'/Users/matchi/Library/Developer/Xcode/Archives/2020-02-06/networktools 06.02.20, 11.42.xcarchive/Products/Applications/networktools.app/Contents/Frameworks/libswiftCoreFoundation.dylib'>', codeSigningInfo='<_DVTCodeSigningInformation_Path: 0x7f7ffea16dc0; isSigned='1', isAdHocSigned='0', signingCertificate='<DVTSigningCertificate: 0x7f7ffe83c6f0; name='Apple Development: Mathias Aichinger (FCYYKRLFP2)', hash='0A719F88F5F6192D34301F516D316ABC20C364B5', serialNumber='4E63A416E37383E5', certificateKinds='(
    "1.2.840.113635.100.6.1.12",
    "1.2.840.113635.100.6.1.2"
), issueDate='2020-02-06 10:32:32 +0000''>', entitlements='(null)', teamID='6KD26L2C7U', identifier='com.apple.dt.runtime.swiftCoreFoundation', executablePath='<DVTFilePath:0x7f7ffe865560:'/Users/matchi/Library/Developer/Xcode/Archives/2020-02-06/networktools 06.02.20, 11.42.xcarchive/Products/Applications/networktools.app/Contents/Frameworks/libswiftCoreFoundation.dylib'>', hardenedRuntime='0'>'>
2020-02-06 10:44:30 +0000  Skipping stripping extended attributes of item: <IDEDistributionItem: 0x7f801b7828c0; bundleID='com.apple.dt.runtime.swiftCoreGraphics', path='<DVTFilePath:0x7f7ffde64990:'/Users/matchi/Library/Developer/Xcode/Archives/2020-02-06/networktools 06.02.20, 11.42.xcarchive/Products/Applications/networktools.app/Contents/Frameworks/libswiftCoreGraphics.dylib'>', codeSigningInfo='<_DVTCodeSigningInformation_Path: 0x7f801ac274f0; isSigned='1', isAdHocSigned='0', signingCertificate='<DVTSigningCertificate: 0x7f7ffe83c6f0; name='Apple Development: Mathias Aichinger (FCYYKRLFP2)', hash='0A719F88F5F6192D34301F516D316ABC20C364B5', serialNumber='4E63A416E37383E5', certificateKinds='(
    "1.2.840.113635.100.6.1.12",
    "1.2.840.113635.100.6.1.2"
), issueDate='2020-02-06 10:32:32 +0000''>', entitlements='(null)', teamID='6KD26L2C7U', identifier='com.apple.dt.runtime.swiftCoreGraphics', executablePath='<DVTFilePath:0x7f7ffde64990:'/Users/matchi/Library/Developer/Xcode/Archives/2020-02-06/networktools 06.02.20, 11.42.xcarchive/Products/Applications/networktools.app/Contents/Frameworks/libswiftCoreGraphics.dylib'>', hardenedRuntime='0'>'>
2020-02-06 10:44:30 +0000  Skipping stripping extended attributes of item: <IDEDistributionItem: 0x7f801b5e7cd0; bundleID='com.apple.dt.runtime.swiftDarwin', path='<DVTFilePath:0x7f7ffe8cea50:'/Users/matchi/Library/Developer/Xcode/Archives/2020-02-06/networktools 06.02.20, 11.42.xcarchive/Products/Applications/networktools.app/Contents/Frameworks/libswiftDarwin.dylib'>', codeSigningInfo='<_DVTCodeSigningInformation_Path: 0x7f8019ec4bf0; isSigned='1', isAdHocSigned='0', signingCertificate='<DVTSigningCertificate: 0x7f7ffe83c6f0; name='Apple Development: Mathias Aichinger (FCYYKRLFP2)', hash='0A719F88F5F6192D34301F516D316ABC20C364B5', serialNumber='4E63A416E37383E5', certificateKinds='(
    "1.2.840.113635.100.6.1.12",
    "1.2.840.113635.100.6.1.2"
), issueDate='2020-02-06 10:32:32 +0000''>', entitlements='(null)', teamID='6KD26L2C7U', identifier='com.apple.dt.runtime.swiftDarwin', executablePath='<DVTFilePath:0x7f7ffe8cea50:'/Users/matchi/Library/Developer/Xcode/Archives/2020-02-06/networktools 06.02.20, 11.42.xcarchive/Products/Applications/networktools.app/Contents/Frameworks/libswiftDarwin.dylib'>', hardenedRuntime='0'>'>
2020-02-06 10:44:30 +0000  Skipping stripping extended attributes of item: <IDEDistributionItem: 0x7f801acbcc10; bundleID='com.apple.dt.runtime.swiftDispatch', path='<DVTFilePath:0x7f8018f26e80:'/Users/matchi/Library/Developer/Xcode/Archives/2020-02-06/networktools 06.02.20, 11.42.xcarchive/Products/Applications/networktools.app/Contents/Frameworks/libswiftDispatch.dylib'>', codeSigningInfo='<_DVTCodeSigningInformation_Path: 0x7f80176b8770; isSigned='1', isAdHocSigned='0', signingCertificate='<DVTSigningCertificate: 0x7f7ffe83c6f0; name='Apple Development: Mathias Aichinger (FCYYKRLFP2)', hash='0A719F88F5F6192D34301F516D316ABC20C364B5', serialNumber='4E63A416E37383E5', certificateKinds='(
    "1.2.840.113635.100.6.1.12",
    "1.2.840.113635.100.6.1.2"
), issueDate='2020-02-06 10:32:32 +0000''>', entitlements='(null)', teamID='6KD26L2C7U', identifier='com.apple.dt.runtime.swiftDispatch', executablePath='<DVTFilePath:0x7f8018f26e80:'/Users/matchi/Library/Developer/Xcode/Archives/2020-02-06/networktools 06.02.20, 11.42.xcarchive/Products/Applications/networktools.app/Contents/Frameworks/libswiftDispatch.dylib'>', hardenedRuntime='0'>'>
2020-02-06 10:44:30 +0000  Skipping stripping extended attributes of item: <IDEDistributionItem: 0x7f7ffea5db80; bundleID='com.apple.dt.runtime.swiftFoundation', path='<DVTFilePath:0x7f801b16bff0:'/Users/matchi/Library/Developer/Xcode/Archives/2020-02-06/networktools 06.02.20, 11.42.xcarchive/Products/Applications/networktools.app/Contents/Frameworks/libswiftFoundation.dylib'>', codeSigningInfo='<_DVTCodeSigningInformation_Path: 0x7f7ffea19020; isSigned='1', isAdHocSigned='0', signingCertificate='<DVTSigningCertificate: 0x7f7ffe83c6f0; name='Apple Development: Mathias Aichinger (FCYYKRLFP2)', hash='0A719F88F5F6192D34301F516D316ABC20C364B5', serialNumber='4E63A416E37383E5', certificateKinds='(
    "1.2.840.113635.100.6.1.12",
    "1.2.840.113635.100.6.1.2"
), issueDate='2020-02-06 10:32:32 +0000''>', entitlements='(null)', teamID='6KD26L2C7U', identifier='com.apple.dt.runtime.swiftFoundation', executablePath='<DVTFilePath:0x7f801b16bff0:'/Users/matchi/Library/Developer/Xcode/Archives/2020-02-06/networktools 06.02.20, 11.42.xcarchive/Products/Applications/networktools.app/Contents/Frameworks/libswiftFoundation.dylib'>', hardenedRuntime='0'>'>
2020-02-06 10:44:30 +0000  Skipping stripping extended attributes of item: <IDEDistributionItem: 0x7f7ffe877c10; bundleID='com.apple.dt.runtime.swiftIOKit', path='<DVTFilePath:0x7f7ffe83ca30:'/Users/matchi/Library/Developer/Xcode/Archives/2020-02-06/networktools 06.02.20, 11.42.xcarchive/Products/Applications/networktools.app/Contents/Frameworks/libswiftIOKit.dylib'>', codeSigningInfo='<_DVTCodeSigningInformation_Path: 0x7f7ffe81d030; isSigned='1', isAdHocSigned='0', signingCertificate='<DVTSigningCertificate: 0x7f7ffe83c6f0; name='Apple Development: Mathias Aichinger (FCYYKRLFP2)', hash='0A719F88F5F6192D34301F516D316ABC20C364B5', serialNumber='4E63A416E37383E5', certificateKinds='(
    "1.2.840.113635.100.6.1.12",
    "1.2.840.113635.100.6.1.2"
), issueDate='2020-02-06 10:32:32 +0000''>', entitlements='(null)', teamID='6KD26L2C7U', identifier='com.apple.dt.runtime.swiftIOKit', executablePath='<DVTFilePath:0x7f7ffe83ca30:'/Users/matchi/Library/Developer/Xcode/Archives/2020-02-06/networktools 06.02.20, 11.42.xcarchive/Products/Applications/networktools.app/Contents/Frameworks/libswiftIOKit.dylib'>', hardenedRuntime='0'>'>
2020-02-06 10:44:30 +0000  Skipping stripping extended attributes of item: <IDEDistributionItem: 0x7f8019c40510; bundleID='com.apple.dt.runtime.swiftObjectiveC', path='<DVTFilePath:0x7f7ffe94aa90:'/Users/matchi/Library/Developer/Xcode/Archives/2020-02-06/networktools 06.02.20, 11.42.xcarchive/Products/Applications/networktools.app/Contents/Frameworks/libswiftObjectiveC.dylib'>', codeSigningInfo='<_DVTCodeSigningInformation_Path: 0x7f801c8c5090; isSigned='1', isAdHocSigned='0', signingCertificate='<DVTSigningCertificate: 0x7f7ffe83c6f0; name='Apple Development: Mathias Aichinger (FCYYKRLFP2)', hash='0A719F88F5F6192D34301F516D316ABC20C364B5', serialNumber='4E63A416E37383E5', certificateKinds='(
    "1.2.840.113635.100.6.1.12",
    "1.2.840.113635.100.6.1.2"
), issueDate='2020-02-06 10:32:32 +0000''>', entitlements='(null)', teamID='6KD26L2C7U', identifier='com.apple.dt.runtime.swiftObjectiveC', executablePath='<DVTFilePath:0x7f7ffe94aa90:'/Users/matchi/Library/Developer/Xcode/Archives/2020-02-06/networktools 06.02.20, 11.42.xcarchive/Products/Applications/networktools.app/Contents/Frameworks/libswiftObjectiveC.dylib'>', hardenedRuntime='0'>'>
2020-02-06 10:44:30 +0000  Running /usr/bin/xattr '-crs' '/var/folders/0q/pxl8tpf166d3bqj8sqz2f2h80000gn/T/XcodeDistPipeline.~~~PfQvTq/Root/Applications/networktools.app'
2020-02-06 10:44:30 +0000  /usr/bin/xattr exited with 0
2020-02-06 10:44:30 +0000  Processing step: IDEDistributionCodesignStep
2020-02-06 10:44:30 +0000  Entitlements for <IDEDistributionItem: 0x7f801acb9160; bundleID='com.apple.dt.runtime.swiftCore', path='<DVTFilePath:0x7f801b797c70:'/Users/matchi/Library/Developer/Xcode/Archives/2020-02-06/networktools 06.02.20, 11.42.xcarchive/Products/Applications/networktools.app/Contents/Frameworks/libswiftCore.dylib'>', codeSigningInfo='<_DVTCodeSigningInformation_Path: 0x7f801c939d80; isSigned='1', isAdHocSigned='0', signingCertificate='<DVTSigningCertificate: 0x7f801b595060; name='Apple Development: Mathias Aichinger (FCYYKRLFP2)', hash='0A719F88F5F6192D34301F516D316ABC20C364B5', serialNumber='4E63A416E37383E5', certificateKinds='(
    "1.2.840.113635.100.6.1.12",
    "1.2.840.113635.100.6.1.2"
), issueDate='2020-02-06 10:32:32 +0000''>', entitlements='(null)', teamID='6KD26L2C7U', identifier='com.apple.dt.runtime.swiftCore', executablePath='<DVTFilePath:0x7f801b797c70:'/Users/matchi/Library/Developer/Xcode/Archives/2020-02-06/networktools 06.02.20, 11.42.xcarchive/Products/Applications/networktools.app/Contents/Frameworks/libswiftCore.dylib'>', hardenedRuntime='0'>'>: {
}
2020-02-06 10:44:30 +0000  Writing entitlements for <IDEDistributionItem: 0x7f801acb9160; bundleID='com.apple.dt.runtime.swiftCore', path='<DVTFilePath:0x7f801b797c70:'/Users/matchi/Library/Developer/Xcode/Archives/2020-02-06/networktools 06.02.20, 11.42.xcarchive/Products/Applications/networktools.app/Contents/Frameworks/libswiftCore.dylib'>', codeSigningInfo='<_DVTCodeSigningInformation_Path: 0x7f801c939d80; isSigned='1', isAdHocSigned='0', signingCertificate='<DVTSigningCertificate: 0x7f801b59dd00; name='Apple Development: Mathias Aichinger (FCYYKRLFP2)', hash='0A719F88F5F6192D34301F516D316ABC20C364B5', serialNumber='4E63A416E37383E5', certificateKinds='(
    "1.2.840.113635.100.6.1.12",
    "1.2.840.113635.100.6.1.2"
), issueDate='2020-02-06 10:32:32 +0000''>', entitlements='(null)', teamID='6KD26L2C7U', identifier='com.apple.dt.runtime.swiftCore', executablePath='<DVTFilePath:0x7f801b797c70:'/Users/matchi/Library/Developer/Xcode/Archives/2020-02-06/networktools 06.02.20, 11.42.xcarchive/Products/Applications/networktools.app/Contents/Frameworks/libswiftCore.dylib'>', hardenedRuntime='0'>'> to: /var/folders/0q/pxl8tpf166d3bqj8sqz2f2h80000gn/T/XcodeDistPipeline.~~~PfQvTq/entitlements~~~qt0gam
2020-02-06 10:44:30 +0000  Running /usr/bin/codesign '-vvv' '--force' '--sign' 'FE5661E7290CEB1FCA99F4B884F5F50D32AF175B' '--entitlements' '/var/folders/0q/pxl8tpf166d3bqj8sqz2f2h80000gn/T/XcodeDistPipeline.~~~PfQvTq/entitlements~~~qt0gam' '--preserve-metadata=identifier,flags,runtime' '--requirements' '=designated => anchor apple generic  and identifier "$self.identifier" and ((cert leaf[field.1.2.840.113635.100.6.1.9] exists) or ( certificate 1[field.1.2.840.113635.100.6.2.6] exists and certificate leaf[field.1.2.840.113635.100.6.1.13] exists  and certificate leaf[subject.OU] = "6KD26L2C7U" ))' '/var/folders/0q/pxl8tpf166d3bqj8sqz2f2h80000gn/T/XcodeDistPipeline.~~~PfQvTq/Root/Applications/networktools.app/Contents/Frameworks/libswiftCore.dylib'
2020-02-06 10:44:30 +0000  /var/folders/0q/pxl8tpf166d3bqj8sqz2f2h80000gn/T/XcodeDistPipeline.~~~PfQvTq/Root/Applications/networktools.app/Contents/Frameworks/libswiftCore.dylib: replacing existing signature
2020-02-06 10:44:31 +0000  /var/folders/0q/pxl8tpf166d3bqj8sqz2f2h80000gn/T/XcodeDistPipeline.~~~PfQvTq/Root/Applications/networktools.app/Contents/Frameworks/libswiftCore.dylib: signed Mach-O thin (x86_64) [com.apple.dt.runtime.swiftCore]
2020-02-06 10:44:31 +0000  /usr/bin/codesign exited with 0
2020-02-06 10:44:31 +0000  Entitlements for <IDEDistributionItem: 0x7f8019c269f0; bundleID='com.apple.dt.runtime.swiftCoreFoundation', path='<DVTFilePath:0x7f7ffe865560:'/Users/matchi/Library/Developer/Xcode/Archives/2020-02-06/networktools 06.02.20, 11.42.xcarchive/Products/Applications/networktools.app/Contents/Frameworks/libswiftCoreFoundation.dylib'>', codeSigningInfo='<_DVTCodeSigningInformation_Path: 0x7f7ffea16dc0; isSigned='1', isAdHocSigned='0', signingCertificate='<DVTSigningCertificate: 0x7f801a95cc90; name='Apple Development: Mathias Aichinger (FCYYKRLFP2)', hash='0A719F88F5F6192D34301F516D316ABC20C364B5', serialNumber='4E63A416E37383E5', certificateKinds='(
    "1.2.840.113635.100.6.1.12",
    "1.2.840.113635.100.6.1.2"
), issueDate='2020-02-06 10:32:32 +0000''>', entitlements='(null)', teamID='6KD26L2C7U', identifier='com.apple.dt.runtime.swiftCoreFoundation', executablePath='<DVTFilePath:0x7f7ffe865560:'/Users/matchi/Library/Developer/Xcode/Archives/2020-02-06/networktools 06.02.20, 11.42.xcarchive/Products/Applications/networktools.app/Contents/Frameworks/libswiftCoreFoundation.dylib'>', hardenedRuntime='0'>'>: {
}
2020-02-06 10:44:31 +0000  Writing entitlements for <IDEDistributionItem: 0x7f8019c269f0; bundleID='com.apple.dt.runtime.swiftCoreFoundation', path='<DVTFilePath:0x7f7ffe865560:'/Users/matchi/Library/Developer/Xcode/Archives/2020-02-06/networktools 06.02.20, 11.42.xcarchive/Products/Applications/networktools.app/Contents/Frameworks/libswiftCoreFoundation.dylib'>', codeSigningInfo='<_DVTCodeSigningInformation_Path: 0x7f7ffea16dc0; isSigned='1', isAdHocSigned='0', signingCertificate='<DVTSigningCertificate: 0x7f801b3908e0; name='Apple Development: Mathias Aichinger (FCYYKRLFP2)', hash='0A719F88F5F6192D34301F516D316ABC20C364B5', serialNumber='4E63A416E37383E5', certificateKinds='(
    "1.2.840.113635.100.6.1.12",
    "1.2.840.113635.100.6.1.2"
), issueDate='2020-02-06 10:32:32 +0000''>', entitlements='(null)', teamID='6KD26L2C7U', identifier='com.apple.dt.runtime.swiftCoreFoundation', executablePath='<DVTFilePath:0x7f7ffe865560:'/Users/matchi/Library/Developer/Xcode/Archives/2020-02-06/networktools 06.02.20, 11.42.xcarchive/Products/Applications/networktools.app/Contents/Frameworks/libswiftCoreFoundation.dylib'>', hardenedRuntime='0'>'> to: /var/folders/0q/pxl8tpf166d3bqj8sqz2f2h80000gn/T/XcodeDistPipeline.~~~PfQvTq/entitlements~~~UAO5kJ
2020-02-06 10:44:31 +0000  Running /usr/bin/codesign '-vvv' '--force' '--sign' 'FE5661E7290CEB1FCA99F4B884F5F50D32AF175B' '--entitlements' '/var/folders/0q/pxl8tpf166d3bqj8sqz2f2h80000gn/T/XcodeDistPipeline.~~~PfQvTq/entitlements~~~UAO5kJ' '--preserve-metadata=identifier,flags,runtime' '--requirements' '=designated => anchor apple generic  and identifier "$self.identifier" and ((cert leaf[field.1.2.840.113635.100.6.1.9] exists) or ( certificate 1[field.1.2.840.113635.100.6.2.6] exists and certificate leaf[field.1.2.840.113635.100.6.1.13] exists  and certificate leaf[subject.OU] = "6KD26L2C7U" ))' '/var/folders/0q/pxl8tpf166d3bqj8sqz2f2h80000gn/T/XcodeDistPipeline.~~~PfQvTq/Root/Applications/networktools.app/Contents/Frameworks/libswiftCoreFoundation.dylib'
2020-02-06 10:44:31 +0000  /var/folders/0q/pxl8tpf166d3bqj8sqz2f2h80000gn/T/XcodeDistPipeline.~~~PfQvTq/Root/Applications/networktools.app/Contents/Frameworks/libswiftCoreFoundation.dylib: replacing existing signature
2020-02-06 10:44:31 +0000  /var/folders/0q/pxl8tpf166d3bqj8sqz2f2h80000gn/T/XcodeDistPipeline.~~~PfQvTq/Root/Applications/networktools.app/Contents/Frameworks/libswiftCoreFoundation.dylib: signed Mach-O thin (x86_64) [com.apple.dt.runtime.swiftCoreFoundation]
2020-02-06 10:44:31 +0000  /usr/bin/codesign exited with 0
2020-02-06 10:44:31 +0000  Entitlements for <IDEDistributionItem: 0x7f801b7828c0; bundleID='com.apple.dt.runtime.swiftCoreGraphics', path='<DVTFilePath:0x7f7ffde64990:'/Users/matchi/Library/Developer/Xcode/Archives/2020-02-06/networktools 06.02.20, 11.42.xcarchive/Products/Applications/networktools.app/Contents/Frameworks/libswiftCoreGraphics.dylib'>', codeSigningInfo='<_DVTCodeSigningInformation_Path: 0x7f801ac274f0; isSigned='1', isAdHocSigned='0', signingCertificate='<DVTSigningCertificate: 0x7f801a95cc90; name='Apple Development: Mathias Aichinger (FCYYKRLFP2)', hash='0A719F88F5F6192D34301F516D316ABC20C364B5', serialNumber='4E63A416E37383E5', certificateKinds='(
    "1.2.840.113635.100.6.1.12",
    "1.2.840.113635.100.6.1.2"
), issueDate='2020-02-06 10:32:32 +0000''>', entitlements='(null)', teamID='6KD26L2C7U', identifier='com.apple.dt.runtime.swiftCoreGraphics', executablePath='<DVTFilePath:0x7f7ffde64990:'/Users/matchi/Library/Developer/Xcode/Archives/2020-02-06/networktools 06.02.20, 11.42.xcarchive/Products/Applications/networktools.app/Contents/Frameworks/libswiftCoreGraphics.dylib'>', hardenedRuntime='0'>'>: {
}
2020-02-06 10:44:31 +0000  Writing entitlements for <IDEDistributionItem: 0x7f801b7828c0; bundleID='com.apple.dt.runtime.swiftCoreGraphics', path='<DVTFilePath:0x7f7ffde64990:'/Users/matchi/Library/Developer/Xcode/Archives/2020-02-06/networktools 06.02.20, 11.42.xcarchive/Products/Applications/networktools.app/Contents/Frameworks/libswiftCoreGraphics.dylib'>', codeSigningInfo='<_DVTCodeSigningInformation_Path: 0x7f801ac274f0; isSigned='1', isAdHocSigned='0', signingCertificate='<DVTSigningCertificate: 0x7f7ffee2f090; name='Apple Development: Mathias Aichinger (FCYYKRLFP2)', hash='0A719F88F5F6192D34301F516D316ABC20C364B5', serialNumber='4E63A416E37383E5', certificateKinds='(
    "1.2.840.113635.100.6.1.12",
    "1.2.840.113635.100.6.1.2"
), issueDate='2020-02-06 10:32:32 +0000''>', entitlements='(null)', teamID='6KD26L2C7U', identifier='com.apple.dt.runtime.swiftCoreGraphics', executablePath='<DVTFilePath:0x7f7ffde64990:'/Users/matchi/Library/Developer/Xcode/Archives/2020-02-06/networktools 06.02.20, 11.42.xcarchive/Products/Applications/networktools.app/Contents/Frameworks/libswiftCoreGraphics.dylib'>', hardenedRuntime='0'>'> to: /var/folders/0q/pxl8tpf166d3bqj8sqz2f2h80000gn/T/XcodeDistPipeline.~~~PfQvTq/entitlements~~~MpvUGr
2020-02-06 10:44:31 +0000  Running /usr/bin/codesign '-vvv' '--force' '--sign' 'FE5661E7290CEB1FCA99F4B884F5F50D32AF175B' '--entitlements' '/var/folders/0q/pxl8tpf166d3bqj8sqz2f2h80000gn/T/XcodeDistPipeline.~~~PfQvTq/entitlements~~~MpvUGr' '--preserve-metadata=identifier,flags,runtime' '--requirements' '=designated => anchor apple generic  and identifier "$self.identifier" and ((cert leaf[field.1.2.840.113635.100.6.1.9] exists) or ( certificate 1[field.1.2.840.113635.100.6.2.6] exists and certificate leaf[field.1.2.840.113635.100.6.1.13] exists  and certificate leaf[subject.OU] = "6KD26L2C7U" ))' '/var/folders/0q/pxl8tpf166d3bqj8sqz2f2h80000gn/T/XcodeDistPipeline.~~~PfQvTq/Root/Applications/networktools.app/Contents/Frameworks/libswiftCoreGraphics.dylib'
2020-02-06 10:44:32 +0000  /var/folders/0q/pxl8tpf166d3bqj8sqz2f2h80000gn/T/XcodeDistPipeline.~~~PfQvTq/Root/Applications/networktools.app/Contents/Frameworks/libswiftCoreGraphics.dylib: replacing existing signature
2020-02-06 10:44:32 +0000  /var/folders/0q/pxl8tpf166d3bqj8sqz2f2h80000gn/T/XcodeDistPipeline.~~~PfQvTq/Root/Applications/networktools.app/Contents/Frameworks/libswiftCoreGraphics.dylib: signed Mach-O thin (x86_64) [com.apple.dt.runtime.swiftCoreGraphics]
2020-02-06 10:44:32 +0000  /usr/bin/codesign exited with 0
2020-02-06 10:44:32 +0000  Entitlements for <IDEDistributionItem: 0x7f801b5e7cd0; bundleID='com.apple.dt.runtime.swiftDarwin', path='<DVTFilePath:0x7f7ffe8cea50:'/Users/matchi/Library/Developer/Xcode/Archives/2020-02-06/networktools 06.02.20, 11.42.xcarchive/Products/Applications/networktools.app/Contents/Frameworks/libswiftDarwin.dylib'>', codeSigningInfo='<_DVTCodeSigningInformation_Path: 0x7f8019ec4bf0; isSigned='1', isAdHocSigned='0', signingCertificate='<DVTSigningCertificate: 0x7f801aa470f0; name='Apple Development: Mathias Aichinger (FCYYKRLFP2)', hash='0A719F88F5F6192D34301F516D316ABC20C364B5', serialNumber='4E63A416E37383E5', certificateKinds='(
    "1.2.840.113635.100.6.1.12",
    "1.2.840.113635.100.6.1.2"
), issueDate='2020-02-06 10:32:32 +0000''>', entitlements='(null)', teamID='6KD26L2C7U', identifier='com.apple.dt.runtime.swiftDarwin', executablePath='<DVTFilePath:0x7f7ffe8cea50:'/Users/matchi/Library/Developer/Xcode/Archives/2020-02-06/networktools 06.02.20, 11.42.xcarchive/Products/Applications/networktools.app/Contents/Frameworks/libswiftDarwin.dylib'>', hardenedRuntime='0'>'>: {
}
2020-02-06 10:44:32 +0000  Writing entitlements for <IDEDistributionItem: 0x7f801b5e7cd0; bundleID='com.apple.dt.runtime.swiftDarwin', path='<DVTFilePath:0x7f7ffe8cea50:'/Users/matchi/Library/Developer/Xcode/Archives/2020-02-06/networktools 06.02.20, 11.42.xcarchive/Products/Applications/networktools.app/Contents/Frameworks/libswiftDarwin.dylib'>', codeSigningInfo='<_DVTCodeSigningInformation_Path: 0x7f8019ec4bf0; isSigned='1', isAdHocSigned='0', signingCertificate='<DVTSigningCertificate: 0x7f7ffee2f090; name='Apple Development: Mathias Aichinger (FCYYKRLFP2)', hash='0A719F88F5F6192D34301F516D316ABC20C364B5', serialNumber='4E63A416E37383E5', certificateKinds='(
    "1.2.840.113635.100.6.1.12",
    "1.2.840.113635.100.6.1.2"
), issueDate='2020-02-06 10:32:32 +0000''>', entitlements='(null)', teamID='6KD26L2C7U', identifier='com.apple.dt.runtime.swiftDarwin', executablePath='<DVTFilePath:0x7f7ffe8cea50:'/Users/matchi/Library/Developer/Xcode/Archives/2020-02-06/networktools 06.02.20, 11.42.xcarchive/Products/Applications/networktools.app/Contents/Frameworks/libswiftDarwin.dylib'>', hardenedRuntime='0'>'> to: /var/folders/0q/pxl8tpf166d3bqj8sqz2f2h80000gn/T/XcodeDistPipeline.~~~PfQvTq/entitlements~~~Bh5wsH
2020-02-06 10:44:32 +0000  Running /usr/bin/codesign '-vvv' '--force' '--sign' 'FE5661E7290CEB1FCA99F4B884F5F50D32AF175B' '--entitlements' '/var/folders/0q/pxl8tpf166d3bqj8sqz2f2h80000gn/T/XcodeDistPipeline.~~~PfQvTq/entitlements~~~Bh5wsH' '--preserve-metadata=identifier,flags,runtime' '--requirements' '=designated => anchor apple generic  and identifier "$self.identifier" and ((cert leaf[field.1.2.840.113635.100.6.1.9] exists) or ( certificate 1[field.1.2.840.113635.100.6.2.6] exists and certificate leaf[field.1.2.840.113635.100.6.1.13] exists  and certificate leaf[subject.OU] = "6KD26L2C7U" ))' '/var/folders/0q/pxl8tpf166d3bqj8sqz2f2h80000gn/T/XcodeDistPipeline.~~~PfQvTq/Root/Applications/networktools.app/Contents/Frameworks/libswiftDarwin.dylib'
2020-02-06 10:44:32 +0000  /var/folders/0q/pxl8tpf166d3bqj8sqz2f2h80000gn/T/XcodeDistPipeline.~~~PfQvTq/Root/Applications/networktools.app/Contents/Frameworks/libswiftDarwin.dylib: replacing existing signature
2020-02-06 10:44:32 +0000  /var/folders/0q/pxl8tpf166d3bqj8sqz2f2h80000gn/T/XcodeDistPipeline.~~~PfQvTq/Root/Applications/networktools.app/Contents/Frameworks/libswiftDarwin.dylib: signed Mach-O thin (x86_64) [com.apple.dt.runtime.swiftDarwin]
2020-02-06 10:44:32 +0000  /usr/bin/codesign exited with 0
2020-02-06 10:44:32 +0000  Entitlements for <IDEDistributionItem: 0x7f801acbcc10; bundleID='com.apple.dt.runtime.swiftDispatch', path='<DVTFilePath:0x7f8018f26e80:'/Users/matchi/Library/Developer/Xcode/Archives/2020-02-06/networktools 06.02.20, 11.42.xcarchive/Products/Applications/networktools.app/Contents/Frameworks/libswiftDispatch.dylib'>', codeSigningInfo='<_DVTCodeSigningInformation_Path: 0x7f80176b8770; isSigned='1', isAdHocSigned='0', signingCertificate='<DVTSigningCertificate: 0x7f7fff408d80; name='Apple Development: Mathias Aichinger (FCYYKRLFP2)', hash='0A719F88F5F6192D34301F516D316ABC20C364B5', serialNumber='4E63A416E37383E5', certificateKinds='(
    "1.2.840.113635.100.6.1.12",
    "1.2.840.113635.100.6.1.2"
), issueDate='2020-02-06 10:32:32 +0000''>', entitlements='(null)', teamID='6KD26L2C7U', identifier='com.apple.dt.runtime.swiftDispatch', executablePath='<DVTFilePath:0x7f8018f26e80:'/Users/matchi/Library/Developer/Xcode/Archives/2020-02-06/networktools 06.02.20, 11.42.xcarchive/Products/Applications/networktools.app/Contents/Frameworks/libswiftDispatch.dylib'>', hardenedRuntime='0'>'>: {
}
2020-02-06 10:44:32 +0000  Writing entitlements for <IDEDistributionItem: 0x7f801acbcc10; bundleID='com.apple.dt.runtime.swiftDispatch', path='<DVTFilePath:0x7f8018f26e80:'/Users/matchi/Library/Developer/Xcode/Archives/2020-02-06/networktools 06.02.20, 11.42.xcarchive/Products/Applications/networktools.app/Contents/Frameworks/libswiftDispatch.dylib'>', codeSigningInfo='<_DVTCodeSigningInformation_Path: 0x7f80176b8770; isSigned='1', isAdHocSigned='0', signingCertificate='<DVTSigningCertificate: 0x7f801acbbf10; name='Apple Development: Mathias Aichinger (FCYYKRLFP2)', hash='0A719F88F5F6192D34301F516D316ABC20C364B5', serialNumber='4E63A416E37383E5', certificateKinds='(
    "1.2.840.113635.100.6.1.12",
    "1.2.840.113635.100.6.1.2"
), issueDate='2020-02-06 10:32:32 +0000''>', entitlements='(null)', teamID='6KD26L2C7U', identifier='com.apple.dt.runtime.swiftDispatch', executablePath='<DVTFilePath:0x7f8018f26e80:'/Users/matchi/Library/Developer/Xcode/Archives/2020-02-06/networktools 06.02.20, 11.42.xcarchive/Products/Applications/networktools.app/Contents/Frameworks/libswiftDispatch.dylib'>', hardenedRuntime='0'>'> to: /var/folders/0q/pxl8tpf166d3bqj8sqz2f2h80000gn/T/XcodeDistPipeline.~~~PfQvTq/entitlements~~~iLMDpo
2020-02-06 10:44:32 +0000  Running /usr/bin/codesign '-vvv' '--force' '--sign' 'FE5661E7290CEB1FCA99F4B884F5F50D32AF175B' '--entitlements' '/var/folders/0q/pxl8tpf166d3bqj8sqz2f2h80000gn/T/XcodeDistPipeline.~~~PfQvTq/entitlements~~~iLMDpo' '--preserve-metadata=identifier,flags,runtime' '--requirements' '=designated => anchor apple generic  and identifier "$self.identifier" and ((cert leaf[field.1.2.840.113635.100.6.1.9] exists) or ( certificate 1[field.1.2.840.113635.100.6.2.6] exists and certificate leaf[field.1.2.840.113635.100.6.1.13] exists  and certificate leaf[subject.OU] = "6KD26L2C7U" ))' '/var/folders/0q/pxl8tpf166d3bqj8sqz2f2h80000gn/T/XcodeDistPipeline.~~~PfQvTq/Root/Applications/networktools.app/Contents/Frameworks/libswiftDispatch.dylib'
2020-02-06 10:44:33 +0000  /var/folders/0q/pxl8tpf166d3bqj8sqz2f2h80000gn/T/XcodeDistPipeline.~~~PfQvTq/Root/Applications/networktools.app/Contents/Frameworks/libswiftDispatch.dylib: replacing existing signature
2020-02-06 10:44:33 +0000  /var/folders/0q/pxl8tpf166d3bqj8sqz2f2h80000gn/T/XcodeDistPipeline.~~~PfQvTq/Root/Applications/networktools.app/Contents/Frameworks/libswiftDispatch.dylib: signed Mach-O thin (x86_64) [com.apple.dt.runtime.swiftDispatch]
2020-02-06 10:44:33 +0000  /usr/bin/codesign exited with 0
2020-02-06 10:44:33 +0000  Entitlements for <IDEDistributionItem: 0x7f7ffea5db80; bundleID='com.apple.dt.runtime.swiftFoundation', path='<DVTFilePath:0x7f801b16bff0:'/Users/matchi/Library/Developer/Xcode/Archives/2020-02-06/networktools 06.02.20, 11.42.xcarchive/Products/Applications/networktools.app/Contents/Frameworks/libswiftFoundation.dylib'>', codeSigningInfo='<_DVTCodeSigningInformation_Path: 0x7f7ffea19020; isSigned='1', isAdHocSigned='0', signingCertificate='<DVTSigningCertificate: 0x7f7ffee2f090; name='Apple Development: Mathias Aichinger (FCYYKRLFP2)', hash='0A719F88F5F6192D34301F516D316ABC20C364B5', serialNumber='4E63A416E37383E5', certificateKinds='(
    "1.2.840.113635.100.6.1.12",
    "1.2.840.113635.100.6.1.2"
), issueDate='2020-02-06 10:32:32 +0000''>', entitlements='(null)', teamID='6KD26L2C7U', identifier='com.apple.dt.runtime.swiftFoundation', executablePath='<DVTFilePath:0x7f801b16bff0:'/Users/matchi/Library/Developer/Xcode/Archives/2020-02-06/networktools 06.02.20, 11.42.xcarchive/Products/Applications/networktools.app/Contents/Frameworks/libswiftFoundation.dylib'>', hardenedRuntime='0'>'>: {
}
2020-02-06 10:44:33 +0000  Writing entitlements for <IDEDistributionItem: 0x7f7ffea5db80; bundleID='com.apple.dt.runtime.swiftFoundation', path='<DVTFilePath:0x7f801b16bff0:'/Users/matchi/Library/Developer/Xcode/Archives/2020-02-06/networktools 06.02.20, 11.42.xcarchive/Products/Applications/networktools.app/Contents/Frameworks/libswiftFoundation.dylib'>', codeSigningInfo='<_DVTCodeSigningInformation_Path: 0x7f7ffea19020; isSigned='1', isAdHocSigned='0', signingCertificate='<DVTSigningCertificate: 0x7f801ac95790; name='Apple Development: Mathias Aichinger (FCYYKRLFP2)', hash='0A719F88F5F6192D34301F516D316ABC20C364B5', serialNumber='4E63A416E37383E5', certificateKinds='(
    "1.2.840.113635.100.6.1.12",
    "1.2.840.113635.100.6.1.2"
), issueDate='2020-02-06 10:32:32 +0000''>', entitlements='(null)', teamID='6KD26L2C7U', identifier='com.apple.dt.runtime.swiftFoundation', executablePath='<DVTFilePath:0x7f801b16bff0:'/Users/matchi/Library/Developer/Xcode/Archives/2020-02-06/networktools 06.02.20, 11.42.xcarchive/Products/Applications/networktools.app/Contents/Frameworks/libswiftFoundation.dylib'>', hardenedRuntime='0'>'> to: /var/folders/0q/pxl8tpf166d3bqj8sqz2f2h80000gn/T/XcodeDistPipeline.~~~PfQvTq/entitlements~~~ZHuudY
2020-02-06 10:44:33 +0000  Running /usr/bin/codesign '-vvv' '--force' '--sign' 'FE5661E7290CEB1FCA99F4B884F5F50D32AF175B' '--entitlements' '/var/folders/0q/pxl8tpf166d3bqj8sqz2f2h80000gn/T/XcodeDistPipeline.~~~PfQvTq/entitlements~~~ZHuudY' '--preserve-metadata=identifier,flags,runtime' '--requirements' '=designated => anchor apple generic  and identifier "$self.identifier" and ((cert leaf[field.1.2.840.113635.100.6.1.9] exists) or ( certificate 1[field.1.2.840.113635.100.6.2.6] exists and certificate leaf[field.1.2.840.113635.100.6.1.13] exists  and certificate leaf[subject.OU] = "6KD26L2C7U" ))' '/var/folders/0q/pxl8tpf166d3bqj8sqz2f2h80000gn/T/XcodeDistPipeline.~~~PfQvTq/Root/Applications/networktools.app/Contents/Frameworks/libswiftFoundation.dylib'
2020-02-06 10:44:33 +0000  /var/folders/0q/pxl8tpf166d3bqj8sqz2f2h80000gn/T/XcodeDistPipeline.~~~PfQvTq/Root/Applications/networktools.app/Contents/Frameworks/libswiftFoundation.dylib: replacing existing signature
2020-02-06 10:44:33 +0000  /var/folders/0q/pxl8tpf166d3bqj8sqz2f2h80000gn/T/XcodeDistPipeline.~~~PfQvTq/Root/Applications/networktools.app/Contents/Frameworks/libswiftFoundation.dylib: signed Mach-O thin (x86_64) [com.apple.dt.runtime.swiftFoundation]
2020-02-06 10:44:33 +0000  /usr/bin/codesign exited with 0
2020-02-06 10:44:33 +0000  Entitlements for <IDEDistributionItem: 0x7f7ffe877c10; bundleID='com.apple.dt.runtime.swiftIOKit', path='<DVTFilePath:0x7f7ffe83ca30:'/Users/matchi/Library/Developer/Xcode/Archives/2020-02-06/networktools 06.02.20, 11.42.xcarchive/Products/Applications/networktools.app/Contents/Frameworks/libswiftIOKit.dylib'>', codeSigningInfo='<_DVTCodeSigningInformation_Path: 0x7f7ffe81d030; isSigned='1', isAdHocSigned='0', signingCertificate='<DVTSigningCertificate: 0x7f7ffee2f090; name='Apple Development: Mathias Aichinger (FCYYKRLFP2)', hash='0A719F88F5F6192D34301F516D316ABC20C364B5', serialNumber='4E63A416E37383E5', certificateKinds='(
    "1.2.840.113635.100.6.1.12",
    "1.2.840.113635.100.6.1.2"
), issueDate='2020-02-06 10:32:32 +0000''>', entitlements='(null)', teamID='6KD26L2C7U', identifier='com.apple.dt.runtime.swiftIOKit', executablePath='<DVTFilePath:0x7f7ffe83ca30:'/Users/matchi/Library/Developer/Xcode/Archives/2020-02-06/networktools 06.02.20, 11.42.xcarchive/Products/Applications/networktools.app/Contents/Frameworks/libswiftIOKit.dylib'>', hardenedRuntime='0'>'>: {
}
2020-02-06 10:44:33 +0000  Writing entitlements for <IDEDistributionItem: 0x7f7ffe877c10; bundleID='com.apple.dt.runtime.swiftIOKit', path='<DVTFilePath:0x7f7ffe83ca30:'/Users/matchi/Library/Developer/Xcode/Archives/2020-02-06/networktools 06.02.20, 11.42.xcarchive/Products/Applications/networktools.app/Contents/Frameworks/libswiftIOKit.dylib'>', codeSigningInfo='<_DVTCodeSigningInformation_Path: 0x7f7ffe81d030; isSigned='1', isAdHocSigned='0', signingCertificate='<DVTSigningCertificate: 0x7f7fff401b00; name='Apple Development: Mathias Aichinger (FCYYKRLFP2)', hash='0A719F88F5F6192D34301F516D316ABC20C364B5', serialNumber='4E63A416E37383E5', certificateKinds='(
    "1.2.840.113635.100.6.1.12",
    "1.2.840.113635.100.6.1.2"
), issueDate='2020-02-06 10:32:32 +0000''>', entitlements='(null)', teamID='6KD26L2C7U', identifier='com.apple.dt.runtime.swiftIOKit', executablePath='<DVTFilePath:0x7f7ffe83ca30:'/Users/matchi/Library/Developer/Xcode/Archives/2020-02-06/networktools 06.02.20, 11.42.xcarchive/Products/Applications/networktools.app/Contents/Frameworks/libswiftIOKit.dylib'>', hardenedRuntime='0'>'> to: /var/folders/0q/pxl8tpf166d3bqj8sqz2f2h80000gn/T/XcodeDistPipeline.~~~PfQvTq/entitlements~~~izQqSd
2020-02-06 10:44:33 +0000  Running /usr/bin/codesign '-vvv' '--force' '--sign' 'FE5661E7290CEB1FCA99F4B884F5F50D32AF175B' '--entitlements' '/var/folders/0q/pxl8tpf166d3bqj8sqz2f2h80000gn/T/XcodeDistPipeline.~~~PfQvTq/entitlements~~~izQqSd' '--preserve-metadata=identifier,flags,runtime' '--requirements' '=designated => anchor apple generic  and identifier "$self.identifier" and ((cert leaf[field.1.2.840.113635.100.6.1.9] exists) or ( certificate 1[field.1.2.840.113635.100.6.2.6] exists and certificate leaf[field.1.2.840.113635.100.6.1.13] exists  and certificate leaf[subject.OU] = "6KD26L2C7U" ))' '/var/folders/0q/pxl8tpf166d3bqj8sqz2f2h80000gn/T/XcodeDistPipeline.~~~PfQvTq/Root/Applications/networktools.app/Contents/Frameworks/libswiftIOKit.dylib'
2020-02-06 10:44:34 +0000  /var/folders/0q/pxl8tpf166d3bqj8sqz2f2h80000gn/T/XcodeDistPipeline.~~~PfQvTq/Root/Applications/networktools.app/Contents/Frameworks/libswiftIOKit.dylib: replacing existing signature
2020-02-06 10:44:34 +0000  /var/folders/0q/pxl8tpf166d3bqj8sqz2f2h80000gn/T/XcodeDistPipeline.~~~PfQvTq/Root/Applications/networktools.app/Contents/Frameworks/libswiftIOKit.dylib: signed Mach-O thin (x86_64) [com.apple.dt.runtime.swiftIOKit]
2020-02-06 10:44:34 +0000  /usr/bin/codesign exited with 0
2020-02-06 10:44:34 +0000  Entitlements for <IDEDistributionItem: 0x7f8019c40510; bundleID='com.apple.dt.runtime.swiftObjectiveC', path='<DVTFilePath:0x7f7ffe94aa90:'/Users/matchi/Library/Developer/Xcode/Archives/2020-02-06/networktools 06.02.20, 11.42.xcarchive/Products/Applications/networktools.app/Contents/Frameworks/libswiftObjectiveC.dylib'>', codeSigningInfo='<_DVTCodeSigningInformation_Path: 0x7f801c8c5090; isSigned='1', isAdHocSigned='0', signingCertificate='<DVTSigningCertificate: 0x7f801b3908e0; name='Apple Development: Mathias Aichinger (FCYYKRLFP2)', hash='0A719F88F5F6192D34301F516D316ABC20C364B5', serialNumber='4E63A416E37383E5', certificateKinds='(
    "1.2.840.113635.100.6.1.12",
    "1.2.840.113635.100.6.1.2"
), issueDate='2020-02-06 10:32:32 +0000''>', entitlements='(null)', teamID='6KD26L2C7U', identifier='com.apple.dt.runtime.swiftObjectiveC', executablePath='<DVTFilePath:0x7f7ffe94aa90:'/Users/matchi/Library/Developer/Xcode/Archives/2020-02-06/networktools 06.02.20, 11.42.xcarchive/Products/Applications/networktools.app/Contents/Frameworks/libswiftObjectiveC.dylib'>', hardenedRuntime='0'>'>: {
}
2020-02-06 10:44:34 +0000  Writing entitlements for <IDEDistributionItem: 0x7f8019c40510; bundleID='com.apple.dt.runtime.swiftObjectiveC', path='<DVTFilePath:0x7f7ffe94aa90:'/Users/matchi/Library/Developer/Xcode/Archives/2020-02-06/networktools 06.02.20, 11.42.xcarchive/Products/Applications/networktools.app/Contents/Frameworks/libswiftObjectiveC.dylib'>', codeSigningInfo='<_DVTCodeSigningInformation_Path: 0x7f801c8c5090; isSigned='1', isAdHocSigned='0', signingCertificate='<DVTSigningCertificate: 0x7f7ffee2f090; name='Apple Development: Mathias Aichinger (FCYYKRLFP2)', hash='0A719F88F5F6192D34301F516D316ABC20C364B5', serialNumber='4E63A416E37383E5', certificateKinds='(
    "1.2.840.113635.100.6.1.12",
    "1.2.840.113635.100.6.1.2"
), issueDate='2020-02-06 10:32:32 +0000''>', entitlements='(null)', teamID='6KD26L2C7U', identifier='com.apple.dt.runtime.swiftObjectiveC', executablePath='<DVTFilePath:0x7f7ffe94aa90:'/Users/matchi/Library/Developer/Xcode/Archives/2020-02-06/networktools 06.02.20, 11.42.xcarchive/Products/Applications/networktools.app/Contents/Frameworks/libswiftObjectiveC.dylib'>', hardenedRuntime='0'>'> to: /var/folders/0q/pxl8tpf166d3bqj8sqz2f2h80000gn/T/XcodeDistPipeline.~~~PfQvTq/entitlements~~~vxqOQC
2020-02-06 10:44:34 +0000  Running /usr/bin/codesign '-vvv' '--force' '--sign' 'FE5661E7290CEB1FCA99F4B884F5F50D32AF175B' '--entitlements' '/var/folders/0q/pxl8tpf166d3bqj8sqz2f2h80000gn/T/XcodeDistPipeline.~~~PfQvTq/entitlements~~~vxqOQC' '--preserve-metadata=identifier,flags,runtime' '--requirements' '=designated => anchor apple generic  and identifier "$self.identifier" and ((cert leaf[field.1.2.840.113635.100.6.1.9] exists) or ( certificate 1[field.1.2.840.113635.100.6.2.6] exists and certificate leaf[field.1.2.840.113635.100.6.1.13] exists  and certificate leaf[subject.OU] = "6KD26L2C7U" ))' '/var/folders/0q/pxl8tpf166d3bqj8sqz2f2h80000gn/T/XcodeDistPipeline.~~~PfQvTq/Root/Applications/networktools.app/Contents/Frameworks/libswiftObjectiveC.dylib'
2020-02-06 10:44:34 +0000  /var/folders/0q/pxl8tpf166d3bqj8sqz2f2h80000gn/T/XcodeDistPipeline.~~~PfQvTq/Root/Applications/networktools.app/Contents/Frameworks/libswiftObjectiveC.dylib: replacing existing signature
2020-02-06 10:44:34 +0000  /var/folders/0q/pxl8tpf166d3bqj8sqz2f2h80000gn/T/XcodeDistPipeline.~~~PfQvTq/Root/Applications/networktools.app/Contents/Frameworks/libswiftObjectiveC.dylib: signed Mach-O thin (x86_64) [com.apple.dt.runtime.swiftObjectiveC]
2020-02-06 10:44:34 +0000  /usr/bin/codesign exited with 0
2020-02-06 10:44:34 +0000  Entitlements for <IDEDistributionItem: 0x7f801c8a7610; bundleID='at.easysol.networktools', path='<DVTFilePath:0x7f801a935780:'/Users/matchi/Library/Developer/Xcode/Archives/2020-02-06/networktools 06.02.20, 11.42.xcarchive/Products/Applications/networktools.app'>', codeSigningInfo='<_DVTCodeSigningInformation_Path: 0x7f801b593470; isSigned='1', isAdHocSigned='0', signingCertificate='<DVTSigningCertificate: 0x7f800f87e590; name='Apple Development: Mathias Aichinger (FCYYKRLFP2)', hash='0A719F88F5F6192D34301F516D316ABC20C364B5', serialNumber='4E63A416E37383E5', certificateKinds='(
    "1.2.840.113635.100.6.1.12",
    "1.2.840.113635.100.6.1.2"
), issueDate='2020-02-06 10:32:32 +0000''>', entitlements='{
    "com.apple.security.app-sandbox" = 1;
    "com.apple.security.files.user-selected.read-only" = 1;
}', teamID='6KD26L2C7U', identifier='at.easysol.networktools', executablePath='<DVTFilePath:0x7f801c903080:'/Users/matchi/Library/Developer/Xcode/Archives/2020-02-06/networktools 06.02.20, 11.42.xcarchive/Products/Applications/networktools.app/Contents/MacOS/networktools'>', hardenedRuntime='1'>'>: {
    "com.apple.security.app-sandbox" = 1;
    "com.apple.security.files.user-selected.read-only" = 1;
}
2020-02-06 10:44:34 +0000  Writing entitlements for <IDEDistributionItem: 0x7f801c8a7610; bundleID='at.easysol.networktools', path='<DVTFilePath:0x7f801a935780:'/Users/matchi/Library/Developer/Xcode/Archives/2020-02-06/networktools 06.02.20, 11.42.xcarchive/Products/Applications/networktools.app'>', codeSigningInfo='<_DVTCodeSigningInformation_Path: 0x7f801b593470; isSigned='1', isAdHocSigned='0', signingCertificate='<DVTSigningCertificate: 0x7f8019f3a4e0; name='Apple Development: Mathias Aichinger (FCYYKRLFP2)', hash='0A719F88F5F6192D34301F516D316ABC20C364B5', serialNumber='4E63A416E37383E5', certificateKinds='(
    "1.2.840.113635.100.6.1.12",
    "1.2.840.113635.100.6.1.2"
), issueDate='2020-02-06 10:32:32 +0000''>', entitlements='{
    "com.apple.security.app-sandbox" = 1;
    "com.apple.security.files.user-selected.read-only" = 1;
}', teamID='6KD26L2C7U', identifier='at.easysol.networktools', executablePath='<DVTFilePath:0x7f801c903080:'/Users/matchi/Library/Developer/Xcode/Archives/2020-02-06/networktools 06.02.20, 11.42.xcarchive/Products/Applications/networktools.app/Contents/MacOS/networktools'>', hardenedRuntime='1'>'> to: /var/folders/0q/pxl8tpf166d3bqj8sqz2f2h80000gn/T/XcodeDistPipeline.~~~PfQvTq/entitlements~~~wl0Mpn
2020-02-06 10:44:34 +0000  Running /usr/bin/codesign '-vvv' '--force' '--sign' 'FE5661E7290CEB1FCA99F4B884F5F50D32AF175B' '--entitlements' '/var/folders/0q/pxl8tpf166d3bqj8sqz2f2h80000gn/T/XcodeDistPipeline.~~~PfQvTq/entitlements~~~wl0Mpn' '--preserve-metadata=identifier,flags,runtime' '--requirements' '=designated => anchor apple generic  and identifier "$self.identifier" and ((cert leaf[field.1.2.840.113635.100.6.1.9] exists) or ( certificate 1[field.1.2.840.113635.100.6.2.6] exists and certificate leaf[field.1.2.840.113635.100.6.1.13] exists  and certificate leaf[subject.OU] = "6KD26L2C7U" ))' '/var/folders/0q/pxl8tpf166d3bqj8sqz2f2h80000gn/T/XcodeDistPipeline.~~~PfQvTq/Root/Applications/networktools.app'
2020-02-06 10:44:35 +0000  /var/folders/0q/pxl8tpf166d3bqj8sqz2f2h80000gn/T/XcodeDistPipeline.~~~PfQvTq/Root/Applications/networktools.app: replacing existing signature
2020-02-06 10:44:35 +0000  /var/folders/0q/pxl8tpf166d3bqj8sqz2f2h80000gn/T/XcodeDistPipeline.~~~PfQvTq/Root/Applications/networktools.app: signed app bundle with Mach-O thin (x86_64) [at.easysol.networktools]
2020-02-06 10:44:35 +0000  /usr/bin/codesign exited with 0
2020-02-06 10:44:35 +0000  Processing step: IDEDistributionZipODRItemStep
2020-02-06 10:44:35 +0000  Skipping step: IDEDistributionZipODRItemStep because it said so
2020-02-06 10:44:35 +0000  Skipping step: IDEDistributionZipODRItemStep because it said so
2020-02-06 10:44:35 +0000  Skipping step: IDEDistributionZipODRItemStep because it said so
2020-02-06 10:44:35 +0000  Skipping step: IDEDistributionZipODRItemStep because it said so
2020-02-06 10:44:35 +0000  Skipping step: IDEDistributionZipODRItemStep because it said so
2020-02-06 10:44:35 +0000  Skipping step: IDEDistributionZipODRItemStep because it said so
2020-02-06 10:44:35 +0000  Skipping step: IDEDistributionZipODRItemStep because it said so
2020-02-06 10:44:35 +0000  Skipping step: IDEDistributionZipODRItemStep because it said so
2020-02-06 10:44:35 +0000  Skipping step: IDEDistributionZipODRItemStep because it said so
2020-02-06 10:44:35 +0000  Processing step: IDEDistributionSkipPackagingStep
2020-02-06 10:44:35 +0000  Processing step: IDEDistributionAppStoreInformationStep
2020-02-06 10:44:35 +0000  Skipping step: IDEDistributionAppStoreInformationStep because it said so
2020-02-06 10:44:35 +0000  Processing step: IDEDistributionGenerateProcessedDistributionItems
2020-02-06 10:44:35 +0000  Processing step: IDEDistributionCreateManifestStep
2020-02-06 10:44:35 +0000  Skipping step: IDEDistributionCreateManifestStep because it said so
